May 14 05:36:52 faucet DEBUG    DPID 1 (0x1) connected
May 14 05:36:52 faucet.valve INFO     Configuring DPID 1 (0x1)
May 14 05:36:52 faucet.exception ERROR    Unhandled exception, killing RYU
Traceback (most recent call last):
  File "/home/mininet/faucet/src/ryu_faucet/org/onfsdn/faucet/util.py", line 51, in __koe
    func(*args, **kwargs)
  File "/home/mininet/faucet/src/ryu_faucet/org/onfsdn/faucet/faucet.py", line 498, in handler_connect_or_disconnect
    self.handler_datapath(ryu_dp)
  File "/home/mininet/faucet/src/ryu_faucet/org/onfsdn/faucet/faucet.py", line 523, in handler_datapath
    dp_id, discovered_up_port_nums)
  File "/home/mininet/faucet/src/ryu_faucet/org/onfsdn/faucet/valve.py", line 571, in datapath_connect
    ofmsgs.extend(self._add_default_meters())
  File "/home/mininet/faucet/src/ryu_faucet/org/onfsdn/faucet/valve.py", line 409, in _add_default_meters
    burst_size=0))
  File "/home/mininet/faucet/src/ryu_faucet/org/onfsdn/faucet/valve.py", line 343, in value_meteradd
    bands=bands)
  File "/home/mininet/faucet/src/ryu_faucet/org/onfsdn/faucet/valve_of.py", line 317, in metermod
    bands=band)
TypeError: __init__() takes at least 2 arguments (5 given)
May 14 05:38:21 faucet DEBUG    DPID 1 (0x1) connected
May 14 05:38:21 faucet.valve INFO     Configuring DPID 1 (0x1)
May 14 05:38:21 faucet.valve INFO     Delete VLAN vid:10 ports:1,2
May 14 05:38:21 faucet.valve INFO     Configuring VLAN vid:10 ports:1,2
May 14 05:38:21 faucet.valve INFO     Port 1 added
May 14 05:38:21 faucet.valve INFO     Sending config for port 1
May 14 05:38:21 faucet.valve INFO     Port 2 added
May 14 05:38:21 faucet.valve INFO     Sending config for port 2
May 14 05:38:21 faucet ERROR    Got OFError: version=0x4,msg_type=0x1,msg_len=0x2c,xid=0x56dc84a,OFPErrorMsg(code=3,data='\x04\x1d\x00 \x05m\xc8J\x00\x00\x00\x02\xff\xff\xff\xfe\x00\x01\x00\x10\x00\x00\x00\x01\x00\x00\x00\x00\x00\x00\x00\x00',type=12)
May 14 05:38:21 faucet.valve DEBUG    Packet_in DPID 1 (0x1) src:00:00:00:00:00:02 in_port:2 vid:10
May 14 05:38:21 faucet.valve INFO     learned 1 hosts on vlan 10
May 14 05:38:22 faucet.valve DEBUG    Packet_in DPID 1 (0x1) src:e2:5a:b8:ba:93:e7 in_port:1 vid:10
May 14 05:38:22 faucet.valve INFO     learned 2 hosts on vlan 10
May 14 05:38:22 faucet.valve DEBUG    Packet_in DPID 1 (0x1) src:e2:5a:b8:ba:93:e7 in_port:1 vid:10
May 14 05:38:22 faucet.valve DEBUG    Packet_in DPID 1 (0x1) src:00:00:00:00:00:01 in_port:1 vid:10
May 14 05:38:22 faucet.valve DEBUG    Packet_in DPID 1 (0x1) src:00:00:00:00:00:01 in_port:1 vid:10
May 14 05:38:22 faucet.valve INFO     learned 3 hosts on vlan 10
May 14 05:38:25 faucet.valve DEBUG    Packet_in DPID 1 (0x1) src:e2:30:2a:10:7b:cd in_port:2 vid:10
May 14 05:38:25 faucet.valve INFO     learned 4 hosts on vlan 10
May 14 06:00:08 faucet DEBUG    DPID 1 (0x1) connected
May 14 06:00:08 faucet.valve INFO     Configuring DPID 1 (0x1)
May 14 06:00:08 faucet.valve INFO     Delete VLAN vid:10 ports:1,2
May 14 06:00:08 faucet.valve INFO     Configuring VLAN vid:10 ports:1,2
May 14 06:00:08 faucet.valve INFO     Port 1 added
May 14 06:00:08 faucet.valve INFO     Sending config for port 1
May 14 06:00:08 faucet.valve INFO     Port 2 added
May 14 06:00:08 faucet.valve INFO     Sending config for port 2
May 14 06:00:09 faucet ERROR    Got OFError: version=0x4,msg_type=0x1,msg_len=0x2c,xid=0xcfa77bd7,OFPErrorMsg(code=3,data='\x04\x1d\x00 \xcf\xa7{\xd7\x00\x00\x00\x02\xff\xff\xff\xfe\x00\x01\x00\x10\x00\x00\x00\x01\x00\x00\x00\x00\x00\x00\x00\x00',type=12)
May 14 06:00:09 faucet.valve DEBUG    Packet_in DPID 1 (0x1) src:d6:ee:93:9a:aa:c5 in_port:2 vid:10
May 14 06:00:09 faucet.valve INFO     learned 1 hosts on vlan 10
May 14 06:00:09 faucet.valve DEBUG    Packet_in DPID 1 (0x1) src:d6:ee:93:9a:aa:c5 in_port:2 vid:10
May 14 06:00:09 faucet.valve DEBUG    Packet_in DPID 1 (0x1) src:00:00:00:00:00:01 in_port:1 vid:10
May 14 06:00:09 faucet.valve DEBUG    Packet_in DPID 1 (0x1) src:00:00:00:00:00:01 in_port:1 vid:10
May 14 06:00:09 faucet.valve INFO     learned 2 hosts on vlan 10
May 14 06:00:09 faucet.valve DEBUG    Packet_in DPID 1 (0x1) src:00:00:00:00:00:02 in_port:2 vid:10
May 14 06:00:09 faucet.valve INFO     learned 3 hosts on vlan 10
May 14 06:00:09 faucet.valve DEBUG    Packet_in DPID 1 (0x1) src:00:00:00:00:00:02 in_port:2 vid:10
May 14 07:15:25 faucet DEBUG    DPID 1 (0x1) connected
May 14 07:15:25 faucet.valve INFO     Configuring DPID 1 (0x1)
May 14 07:15:25 faucet.valve INFO     Delete VLAN vid:10 ports:1,2
May 14 07:15:25 faucet.valve INFO     Configuring VLAN vid:10 ports:1,2
May 14 07:15:26 faucet.valve INFO     Port 1 added
May 14 07:15:26 faucet.valve INFO     Sending config for port 1
May 14 07:15:26 faucet.valve INFO     Port 2 added
May 14 07:15:26 faucet.valve INFO     Sending config for port 2
May 14 07:15:26 faucet ERROR    Got OFError: version=0x4,msg_type=0x1,msg_len=0x2c,xid=0x6e72d0d7,OFPErrorMsg(code=3,data='\x04\x1d\x00 nr\xd0\xd7\x00\x00\x00\x02\xff\xff\xff\xfe\x00\x01\x00\x10\x00\x00\x00\x01\x00\x00\x00\x00\x00\x00\x00\x00',type=12)
May 14 07:15:26 faucet.valve DEBUG    Packet_in DPID 1 (0x1) src:92:44:fe:d8:a5:0e in_port:1 vid:10
May 14 07:15:26 faucet.valve INFO     learned 1 hosts on vlan 10
May 14 07:15:26 faucet.valve DEBUG    Packet_in DPID 1 (0x1) src:00:00:00:00:00:01 in_port:1 vid:10
May 14 07:15:26 faucet.valve INFO     learned 2 hosts on vlan 10
May 14 07:15:26 faucet.valve DEBUG    Packet_in DPID 1 (0x1) src:00:00:00:00:00:01 in_port:1 vid:10
May 14 07:15:26 faucet.valve DEBUG    Packet_in DPID 1 (0x1) src:00:00:00:00:00:02 in_port:2 vid:10
May 14 07:15:26 faucet.valve INFO     learned 3 hosts on vlan 10
May 14 07:15:27 faucet.valve DEBUG    Packet_in DPID 1 (0x1) src:06:1b:4d:fb:c2:fc in_port:2 vid:10
May 14 07:15:27 faucet.valve INFO     learned 4 hosts on vlan 10
May 14 07:35:08 faucet DEBUG    DPID 1 (0x1) connected
May 14 07:35:08 faucet.valve INFO     Configuring DPID 1 (0x1)
May 14 07:35:08 faucet.valve INFO     Delete VLAN vid:10 ports:1,2
May 14 07:35:08 faucet.valve INFO     Configuring VLAN vid:10 ports:1,2
May 14 07:35:08 faucet.valve INFO     Port 1 added
May 14 07:35:08 faucet.valve INFO     Sending config for port 1
May 14 07:35:08 faucet.valve INFO     Port 2 added
May 14 07:35:08 faucet.valve INFO     Sending config for port 2
May 14 07:35:08 faucet ERROR    Got OFError: version=0x4,msg_type=0x1,msg_len=0x2c,xid=0xd2e3941,OFPErrorMsg(code=3,data='\x04\x1d\x00 \r.9A\x00\x00\x00\x02\xff\xff\xff\xfe\x00\x01\x00\x10\x00\x00\x00\x01\x00\x00\x00\x00\x00\x00\x00\x00',type=12)
May 14 07:35:08 faucet.valve DEBUG    Packet_in DPID 1 (0x1) src:ee:a0:8f:44:c9:64 in_port:1 vid:10
May 14 07:35:08 faucet.valve INFO     learned 1 hosts on vlan 10
May 14 07:35:08 faucet.valve DEBUG    Packet_in DPID 1 (0x1) src:ee:a0:8f:44:c9:64 in_port:1 vid:10
May 14 07:35:08 faucet.valve DEBUG    Packet_in DPID 1 (0x1) src:96:3c:6c:07:c0:56 in_port:2 vid:10
May 14 07:35:09 faucet.valve DEBUG    Packet_in DPID 1 (0x1) src:96:3c:6c:07:c0:56 in_port:2 vid:10
May 14 07:35:09 faucet.valve INFO     learned 2 hosts on vlan 10
May 14 07:35:09 faucet.valve DEBUG    Packet_in DPID 1 (0x1) src:00:00:00:00:00:01 in_port:1 vid:10
May 14 07:35:09 faucet.valve INFO     learned 3 hosts on vlan 10
May 14 07:35:09 faucet.valve DEBUG    Packet_in DPID 1 (0x1) src:00:00:00:00:00:01 in_port:1 vid:10
May 14 07:35:09 faucet.valve DEBUG    Packet_in DPID 1 (0x1) src:00:00:00:00:00:01 in_port:1 vid:10
May 14 07:35:09 faucet.valve DEBUG    Packet_in DPID 1 (0x1) src:00:00:00:00:00:02 in_port:2 vid:10
May 14 07:35:09 faucet.valve INFO     learned 4 hosts on vlan 10
May 14 07:35:20 faucet DEBUG    DPID 1 (0x1) disconnected
May 14 07:35:20 faucet.valve WARNING  DPID 1 (0x1) down
May 14 07:37:50 faucet DEBUG    DPID 1 (0x1) connected
May 14 07:37:50 faucet.valve INFO     Configuring DPID 1 (0x1)
May 14 07:37:50 faucet.valve INFO     Delete VLAN vid:10 ports:1,2
May 14 07:37:50 faucet.valve INFO     Configuring VLAN vid:10 ports:1,2
May 14 07:37:50 faucet.valve INFO     Port 1 added
May 14 07:37:50 faucet.valve INFO     Sending config for port 1
May 14 07:37:50 faucet.valve INFO     Port 2 added
May 14 07:37:50 faucet.valve INFO     Sending config for port 2
May 14 07:37:50 faucet ERROR    Got OFError: version=0x4,msg_type=0x1,msg_len=0x2c,xid=0xe770a34b,OFPErrorMsg(code=3,data='\x04\x1d\x00 \xe7p\xa3K\x00\x00\x00\x02\xff\xff\xff\xfe\x00\x01\x00\x10\x00\x00\x00\x01\x00\x00\x00\x00\x00\x00\x00\x00',type=12)
May 14 07:37:50 faucet.valve DEBUG    Packet_in DPID 1 (0x1) src:56:17:37:29:e2:ca in_port:2 vid:10
May 14 07:37:50 faucet.valve INFO     learned 1 hosts on vlan 10
May 14 07:37:50 faucet.valve DEBUG    Packet_in DPID 1 (0x1) src:00:00:00:00:00:01 in_port:1 vid:10
May 14 07:37:50 faucet.valve INFO     learned 2 hosts on vlan 10
May 14 07:37:50 faucet.valve DEBUG    Packet_in DPID 1 (0x1) src:00:00:00:00:00:01 in_port:1 vid:10
May 14 07:37:51 faucet.valve DEBUG    Packet_in DPID 1 (0x1) src:00:00:00:00:00:02 in_port:2 vid:10
May 14 07:37:51 faucet.valve INFO     learned 3 hosts on vlan 10
May 14 07:37:51 faucet.valve DEBUG    Packet_in DPID 1 (0x1) src:42:27:44:c6:6b:91 in_port:1 vid:10
May 14 07:37:51 faucet.valve INFO     learned 4 hosts on vlan 10
May 14 07:37:51 faucet.valve DEBUG    Packet_in DPID 1 (0x1) src:42:27:44:c6:6b:91 in_port:1 vid:10
May 14 07:41:57 faucet DEBUG    DPID 1 (0x1) connected
May 14 07:41:57 faucet.valve INFO     Configuring DPID 1 (0x1)
May 14 07:41:57 faucet.valve INFO     Delete VLAN vid:10 ports:1,2
May 14 07:41:57 faucet.valve INFO     Configuring VLAN vid:10 ports:1,2
May 14 07:41:57 faucet.valve INFO     Port 1 added
May 14 07:41:57 faucet.valve INFO     Sending config for port 1
May 14 07:41:57 faucet.valve INFO     Port 2 added
May 14 07:41:57 faucet.valve INFO     Sending config for port 2
May 14 07:41:57 faucet ERROR    Got OFError: version=0x4,msg_type=0x1,msg_len=0x2c,xid=0x269c99b3,OFPErrorMsg(code=3,data='\x04\x1d\x00 &\x9c\x99\xb3\x00\x00\x00\x02\xff\xff\xff\xfe\x00\x01\x00\x10\x00\x00\x00\x01\x00\x00\x00\x00\x00\x00\x00\x00',type=12)
May 14 07:41:57 faucet.valve DEBUG    Packet_in DPID 1 (0x1) src:00:00:00:00:00:01 in_port:1 vid:10
May 14 07:41:57 faucet.valve INFO     learned 1 hosts on vlan 10
May 14 07:41:57 faucet.valve DEBUG    Packet_in DPID 1 (0x1) src:b2:e3:ef:40:b2:d3 in_port:1 vid:10
May 14 07:41:57 faucet.valve INFO     learned 2 hosts on vlan 10
May 14 07:41:57 faucet.valve DEBUG    Packet_in DPID 1 (0x1) src:b2:e3:ef:40:b2:d3 in_port:1 vid:10
May 14 07:41:58 faucet.valve DEBUG    Packet_in DPID 1 (0x1) src:62:41:9a:5e:6c:35 in_port:2 vid:10
May 14 07:41:58 faucet.valve INFO     learned 3 hosts on vlan 10
May 14 07:41:58 faucet.valve DEBUG    Packet_in DPID 1 (0x1) src:62:41:9a:5e:6c:35 in_port:2 vid:10
May 14 07:41:58 faucet.valve DEBUG    Packet_in DPID 1 (0x1) src:00:00:00:00:00:02 in_port:2 vid:10
May 14 07:42:01 faucet.valve DEBUG    Packet_in DPID 1 (0x1) src:00:00:00:00:00:02 in_port:2 vid:10
May 14 07:42:01 faucet.valve INFO     learned 4 hosts on vlan 10
May 14 07:57:58 faucet DEBUG    DPID 1 (0x1) connected
May 14 07:57:58 faucet.valve INFO     Configuring DPID 1 (0x1)
May 14 07:57:58 faucet.valve INFO     Delete VLAN vid:10 ports:1,2
May 14 07:57:58 faucet.valve INFO     Configuring VLAN vid:10 ports:1,2
May 14 07:57:58 faucet.valve INFO     Port 1 added
May 14 07:57:58 faucet.valve INFO     Sending config for port 1
May 14 07:57:58 faucet.valve INFO     Port 2 added
May 14 07:57:58 faucet.valve INFO     Sending config for port 2
May 14 07:57:58 faucet.exception ERROR    Unhandled exception, killing RYU
Traceback (most recent call last):
  File "/home/mininet/faucet/src/ryu_faucet/org/onfsdn/faucet/util.py", line 51, in __koe
    func(*args, **kwargs)
  File "/home/mininet/faucet/src/ryu_faucet/org/onfsdn/faucet/faucet.py", line 498, in handler_connect_or_disconnect
    self.handler_datapath(ryu_dp)
  File "/home/mininet/faucet/src/ryu_faucet/org/onfsdn/faucet/faucet.py", line 523, in handler_datapath
    dp_id, discovered_up_port_nums)
  File "/home/mininet/faucet/src/ryu_faucet/org/onfsdn/faucet/valve.py", line 583, in datapath_connect
    ofmsgs.extend(self._add_default_meters())
  File "/home/mininet/faucet/src/ryu_faucet/org/onfsdn/faucet/valve.py", line 406, in _add_default_meters
    burst_size=0))
  File "/home/mininet/faucet/src/ryu_faucet/org/onfsdn/faucet/valve_of.py", line 325, in dropband
    burst_size=burst_size
TypeError: __init__() got an unexpected keyword argument 'len'
May 14 07:59:06 faucet DEBUG    DPID 1 (0x1) connected
May 14 07:59:06 faucet.valve INFO     Configuring DPID 1 (0x1)
May 14 07:59:07 faucet.valve INFO     Delete VLAN vid:10 ports:1,2
May 14 07:59:07 faucet.valve INFO     Configuring VLAN vid:10 ports:1,2
May 14 07:59:07 faucet.valve INFO     Port 1 added
May 14 07:59:07 faucet.valve INFO     Sending config for port 1
May 14 07:59:07 faucet.valve INFO     Port 2 added
May 14 07:59:07 faucet.valve INFO     Sending config for port 2
May 14 07:59:07 faucet.valve DEBUG    Packet_in DPID 1 (0x1) src:5a:43:fd:03:7c:cd in_port:1 vid:10
May 14 07:59:07 faucet.valve INFO     learned 1 hosts on vlan 10
May 14 07:59:07 faucet ERROR    Got OFError: version=0x4,msg_type=0x1,msg_len=0x2c,xid=0xbd144625,OFPErrorMsg(code=3,data='\x04\x1d\x00 \xbd\x14F%\x00\x00\x00\x02\xff\xff\xff\xfe\x00\x01\x00\x10\x00\x00\x00\x01\x00\x00\x00\x00\x00\x00\x00\x00',type=12)
May 14 07:59:07 faucet.valve DEBUG    Packet_in DPID 1 (0x1) src:00:00:00:00:00:01 in_port:1 vid:10
May 14 07:59:07 faucet.valve INFO     learned 2 hosts on vlan 10
May 14 07:59:07 faucet.valve DEBUG    Packet_in DPID 1 (0x1) src:00:00:00:00:00:01 in_port:1 vid:10
May 14 07:59:07 faucet.valve DEBUG    Packet_in DPID 1 (0x1) src:66:18:2f:49:a2:de in_port:2 vid:10
May 14 07:59:07 faucet.valve INFO     learned 3 hosts on vlan 10
May 14 07:59:07 faucet.valve DEBUG    Packet_in DPID 1 (0x1) src:66:18:2f:49:a2:de in_port:2 vid:10
May 14 07:59:07 faucet.valve DEBUG    Packet_in DPID 1 (0x1) src:00:00:00:00:00:02 in_port:2 vid:10
May 14 07:59:07 faucet.valve DEBUG    Packet_in DPID 1 (0x1) src:00:00:00:00:00:02 in_port:2 vid:10
May 14 07:59:07 faucet.valve INFO     learned 4 hosts on vlan 10
May 14 08:04:48 faucet DEBUG    DPID 1 (0x1) connected
May 14 08:04:48 faucet.valve INFO     Configuring DPID 1 (0x1)
May 14 08:04:48 faucet.valve INFO     Delete VLAN vid:10 ports:1,2
May 14 08:04:48 faucet.valve INFO     Configuring VLAN vid:10 ports:1,2
May 14 08:04:48 faucet.valve INFO     Port 1 added
May 14 08:04:48 faucet.valve INFO     Sending config for port 1
May 14 08:04:48 faucet.valve INFO     Port 2 added
May 14 08:04:48 faucet.valve INFO     Sending config for port 2
May 14 08:04:48 faucet ERROR    Got OFError: version=0x4,msg_type=0x1,msg_len=0x2c,xid=0x5c7bce21,OFPErrorMsg(code=3,data='\x04\x1d\x00 \\{\xce!\x00\x00\x00\x02\xff\xff\xff\xfe\x00\x01\x00\x10\x00\x00\x00\x01\x00\x00\x00\x00\x00\x00\x00\x00',type=12)
May 14 08:04:48 faucet.valve DEBUG    Packet_in DPID 1 (0x1) src:92:2b:e7:25:5b:24 in_port:1 vid:10
May 14 08:04:48 faucet.valve INFO     learned 1 hosts on vlan 10
May 14 08:04:48 faucet.valve DEBUG    Packet_in DPID 1 (0x1) src:92:2b:e7:25:5b:24 in_port:1 vid:10
May 14 08:04:48 faucet.valve DEBUG    Packet_in DPID 1 (0x1) src:00:00:00:00:00:02 in_port:2 vid:10
May 14 08:04:48 faucet.valve DEBUG    Packet_in DPID 1 (0x1) src:00:00:00:00:00:01 in_port:1 vid:10
May 14 08:04:48 faucet.valve INFO     learned 2 hosts on vlan 10
May 14 08:04:48 faucet.valve DEBUG    Packet_in DPID 1 (0x1) src:00:00:00:00:00:01 in_port:1 vid:10
May 14 08:04:48 faucet.valve DEBUG    Packet_in DPID 1 (0x1) src:c6:fd:cd:32:00:13 in_port:2 vid:10
May 14 08:17:58 faucet DEBUG    DPID 1 (0x1) connected
May 14 08:17:58 faucet.valve INFO     Configuring DPID 1 (0x1)
May 14 08:17:58 faucet.valve INFO     Delete VLAN vid:10 ports:1,2
May 14 08:17:58 faucet.valve INFO     Configuring VLAN vid:10 ports:1,2
May 14 08:17:58 faucet.valve INFO     Port 1 added
May 14 08:17:58 faucet.valve INFO     Sending config for port 1
May 14 08:17:58 faucet.valve INFO     Port 2 added
May 14 08:17:58 faucet.valve INFO     Sending config for port 2
May 14 08:17:58 faucet ERROR    Got OFError: version=0x4,msg_type=0x1,msg_len=0x2c,xid=0xc41686eb,OFPErrorMsg(code=3,data='\x04\x1d\x00 \xc4\x16\x86\xeb\x00\x00\x00\x02\xff\xff\xff\xfe\x00\x01\x00\x10\x00\x00\x00\x01\x00\x00\x00\x00\x00\x00\x00\x00',type=12)
May 14 08:17:58 faucet.valve DEBUG    Packet_in DPID 1 (0x1) src:00:00:00:00:00:02 in_port:2 vid:10
May 14 08:17:58 faucet.valve INFO     learned 1 hosts on vlan 10
May 14 08:17:58 faucet.valve DEBUG    Packet_in DPID 1 (0x1) src:00:00:00:00:00:02 in_port:2 vid:10
May 14 08:17:58 faucet.valve DEBUG    Packet_in DPID 1 (0x1) src:5a:15:4a:9a:09:1c in_port:2 vid:10
May 14 08:17:58 faucet.valve DEBUG    Packet_in DPID 1 (0x1) src:82:9b:b8:4c:b6:f6 in_port:1 vid:10
May 14 08:17:58 faucet.valve INFO     learned 2 hosts on vlan 10
May 14 08:17:58 faucet.valve DEBUG    Packet_in DPID 1 (0x1) src:82:9b:b8:4c:b6:f6 in_port:1 vid:10
May 14 08:17:58 faucet.valve DEBUG    Packet_in DPID 1 (0x1) src:00:00:00:00:00:01 in_port:1 vid:10
May 14 08:17:58 faucet.valve DEBUG    Packet_in DPID 1 (0x1) src:00:00:00:00:00:01 in_port:1 vid:10
May 14 08:17:58 faucet.valve INFO     learned 3 hosts on vlan 10
May 14 08:18:02 faucet.valve DEBUG    Packet_in DPID 1 (0x1) src:5a:15:4a:9a:09:1c in_port:2 vid:10
May 14 08:18:02 faucet.valve INFO     learned 4 hosts on vlan 10
May 14 08:18:09 faucet DEBUG    DPID 1 (0x1) disconnected
May 14 08:18:09 faucet.valve WARNING  DPID 1 (0x1) down
